<?xml version="1.0" encoding="UTF-8"?>
<!-- Generated by org.testng.reporters.JUnitXMLReporter -->
<testsuite hostname="DESKTOP-O2K3836" ignored="0" name="Test" tests="3" failures="0" timestamp="2020-09-09T12:01:49 IST" time="103.581" errors="0">
  <testcase name="clickATL" time="8.334" classname="ATL.Brandintelle.maven.ATL.Brandintelle.maven.ATL_MainCode"/>
  <testcase name="createest" time="16.741" classname="ATL.Brandintelle.maven.ATL.Brandintelle.maven.ATL_MainCode"/>
  <testcase name="documentinfor" time="46.204" classname="ATL.Brandintelle.maven.ATL.Brandintelle.maven.ATL_MainCode"/>
</testsuite> <!-- Test -->
